<?xml version="1.0" encoding="UTF-8"?>
<testng-results ignored="0" total="1" passed="1" failed="0" skipped="0">
  <reporter-output>
  </reporter-output>
  <suite started-at="2024-11-14T00:05:36 IST" name="Default suite" finished-at="2024-11-14T00:05:36 IST" duration-ms="43">
    <groups>
    </groups>
    <test started-at="2024-11-14T00:05:36 IST" name="Default test" finished-at="2024-11-14T00:05:36 IST" duration-ms="43">
      <class name="dummyProject.Test2">
        <test-method signature="m1()[pri:0, instance:dummyProject.Test2@2e377400]" started-at="2024-11-14T00:05:36 IST" name="m1" finished-at="2024-11-14T00:05:36 IST" duration-ms="10" status="PASS">
          <reporter-output>
          </reporter-output>
        </test-method> <!-- m1 -->
      </class> <!-- dummyProject.Test2 -->
    </test> <!-- Default test -->
  </suite> <!-- Default suite -->
</testng-results>
